<?xml version="1.0" encoding="UTF-8"?>
<testsuite xmlns:xsi="http://www.w3.org/2001/XMLSchema-instance" xsi:noNamespaceSchemaLocation="https://maven.apache.org/surefire/maven-surefire-plugin/xsd/surefire-test-report-3.0.xsd" version="3.0" name="bai4.OrganizationUnitValidatorTest" time="0.054" tests="8" errors="0" skipped="0" failures="0">
  <properties>
[...]
</properties>
  <testcase name="validDataPasses" classname="bai4.OrganizationUnitValidatorTest" time="0.005"/>
  <testcase name="nameTooLong" classname="bai4.OrganizationUnitValidatorTest" time="0.0"/>
  <testcase name="trimsWhitespace" classname="bai4.OrganizationUnitValidatorTest" time="0.0"/>
  <testcase name="unitIdRequired" classname="bai4.OrganizationUnitValidatorTest" time="0.0"/>
  <testcase name="invalidUnitIdCharacters" classname="bai4.OrganizationUnitValidatorTest" time="0.0"/>
  <testcase name="unitIdTooLong" classname="bai4.OrganizationUnitValidatorTest" time="0.0"/>
  <testcase name="nameRequired" classname="bai4.OrganizationUnitValidatorTest" time="0.0"/>
  <testcase name="descriptionTooLong" classname="bai4.OrganizationUnitValidatorTest" time="0.0"/>
</testsuite>